#
# There is insufficient memory for the Java Runtime Environment to continue.
# Native memory allocation (malloc) failed to allocate 32744 bytes for ChunkPool::allocate
# Possible reasons:
#   The system is out of physical RAM or swap space
#   In 32 bit mode, the process size limit was hit
# Possible solutions:
#   Reduce memory load on the system
#   Increase physical memory or swap space
#   Check if swap backing store is full
#   Use 64 bit Java on a 64 bit OS
#   Decrease Java heap size (-Xmx/-Xms)
#   Decrease number of Java threads
#   Decrease Java thread stack sizes (-Xss)
#   Set larger code cache with -XX:ReservedCodeCacheSize=
# This output file may be truncated or incomplete.
#
#  Out of Memory Error (allocation.cpp:273), pid=21988, tid=0x0000000000002794
#
# JRE version: Java(TM) SE Runtime Environment (8.0_181-b13) (build 1.8.0_181-b13)
# Java VM: Java HotSpot(TM) 64-Bit Server VM (25.181-b13 mixed mode windows-amd64 compressed oops)
# Failed to write core dump. Minidumps are not enabled by default on client versions of Windows
#

---------------  T H R E A D  ---------------

Current thread (0x00000000178b4800):  JavaThread "C1 CompilerThread2" daemon [_thread_in_native, id=10132, stack(0x0000000019110000,0x0000000019210000)]

Stack: [0x0000000019110000,0x0000000019210000]
[error occurred during error reporting (printing stack bounds), id 0xc0000005]

Native frames: (J=compiled Java code, j=interpreted, Vv=VM code, C=native code)


Current CompileTask:
C1:    203  152       3       jdk.internal.org.objectweb.asm.Frame::execute (2252 bytes)


---------------  P R O C E S S  ---------------

Java Threads: ( => current thread )
  0x0000000019243000 JavaThread "Service Thread" daemon [_thread_blocked, id=17996, stack(0x0000000019610000,0x0000000019710000)]
=>0x00000000178b4800 JavaThread "C1 CompilerThread2" daemon [_thread_in_native, id=10132, stack(0x0000000019110000,0x0000000019210000)]
  0x00000000178b1800 JavaThread "C2 CompilerThread1" daemon [_thread_in_native, id=38396, stack(0x0000000019010000,0x0000000019110000)]
  0x00000000178ae000 JavaThread "C2 CompilerThread0" daemon [_thread_blocked, id=22340, stack(0x0000000018f10000,0x0000000019010000)]
  0x00000000178ac000 JavaThread "Attach Listener" daemon [_thread_blocked, id=37928, stack(0x0000000018e10000,0x0000000018f10000)]
  0x00000000178ab000 JavaThread "Signal Dispatcher" daemon [_thread_blocked, id=3980, stack(0x0000000018d10000,0x0000000018e10000)]
  0x0000000002d6b800 JavaThread "Finalizer" daemon [_thread_blocked, id=22536, stack(0x0000000018b20000,0x0000000018c20000)]
  0x0000000002d62000 JavaThread "Reference Handler" daemon [_thread_blocked, id=34288, stack(0x0000000018a20000,0x0000000018b20000)]
  0x00000000009fe000 JavaThread "main" [_thread_in_vm, id=37204, stack(0x0000000002b70000,0x0000000002c70000)]

Other Threads:
  0x0000000017878000 VMThread [stack: 0x0000000018920000,0x0000000018a20000] [id=8028]
  0x000000001925d000 WatcherThread [stack: 0x0000000019710000,0x0000000019810000] [id=5644]

VM state:not at safepoint (normal execution)

VM Mutex/Monitor currently owned by a thread: None

Heap:
 PSYoungGen      total 38400K, used 2662K [0x00000000d5e00000, 0x00000000d8880000, 0x0000000100000000)
  eden space 33280K, 8% used [0x00000000d5e00000,0x00000000d6099a50,0x00000000d7e80000)
  from space 5120K, 0% used [0x00000000d8380000,0x00000000d8380000,0x00000000d8880000)
  to   space 5120K, 0% used [0x00000000d7e80000,0x00000000d7e80000,0x00000000d8380000)
 ParOldGen       total 87552K, used 0K [0x0000000081a00000, 0x0000000086f80000, 0x00000000d5e00000)
  object space 87552K, 0% used [0x0000000081a00000,0x0000000081a00000,0x0000000086f80000)
 Metaspace       used 4138K, capacity 4758K, committed 4992K, reserved 1056768K
  class space    used 475K, capacity 542K, committed 640K, reserved 1048576K

Card table byte_map: [0x0000000012130000,0x0000000012530000] byte_map_base: 0x0000000011d23000

Marking Bits: (ParMarkBitMap*) 0x0000000051512d00
 Begin Bits: [0x0000000012be0000, 0x0000000014b78000)
 End Bits:   [0x0000000014b78000, 0x0000000016b10000)

Polling page: 0x0000000001230000

CodeCache: size=245760Kb used=1309Kb max_used=1309Kb free=244450Kb
 bounds [0x0000000002d70000, 0x0000000002fe0000, 0x0000000011d70000]
 total_blobs=416 nmethods=155 adapters=174
 compilation: enabled

Compilation events (10 events):
Event: 0.189 Thread 0x00000000178b4800  141       3       java.lang.invoke.MethodType::checkPtype (19 bytes)
Event: 0.190 Thread 0x00000000178b4800 nmethod 141 0x0000000002eb2350 code [0x0000000002eb24e0, 0x0000000002eb28b8]
Event: 0.190 Thread 0x00000000178b4800  143       3       java.lang.StringBuilder::<init> (7 bytes)
Event: 0.190 Thread 0x00000000178b4800 nmethod 143 0x0000000002eb2a50 code [0x0000000002eb2bc0, 0x0000000002eb2e70]
Event: 0.190 Thread 0x00000000178b4800  144       3       java.util.Collections$UnmodifiableCollection$1::hasNext (10 bytes)
Event: 0.190 Thread 0x00000000178b4800 nmethod 144 0x0000000002eb2f90 code [0x0000000002eb3100, 0x0000000002eb3328]
Event: 0.190 Thread 0x00000000178b4800  145       3       java.lang.invoke.InvokerBytecodeGenerator::isStaticallyNameable (116 bytes)
Event: 0.193 Thread 0x00000000178b4800 nmethod 145 0x0000000002eb39d0 code [0x0000000002eb3d40, 0x0000000002eb5e18]
Event: 0.193 Thread 0x00000000178b4800  152       3       jdk.internal.org.objectweb.asm.Frame::execute (2252 bytes)
Event: 0.196 Thread 0x00000000178b1800  164       4       jdk.internal.org.objectweb.asm.ByteVector::putUTF8 (142 bytes)

GC Heap History (0 events):
No events

Deoptimization events (0 events):
No events

Classes redefined (0 events):
No events

Internal exceptions (8 events):
Event: 0.043 Thread 0x00000000009fe000 Exception <a 'java/lang/NoSuchMethodError': Method sun.misc.Unsafe.defineClass(Ljava/lang/String;[BII)Ljava/lang/Class; name or signature does not match> (0x00000000d5e07cb0) thrown at [C:\re\workspace\8-2-build-windows-amd64-cygwin\jdk8u181\11358\hotspot
Event: 0.043 Thread 0x00000000009fe000 Exception <a 'java/lang/NoSuchMethodError': Method sun.misc.Unsafe.prefetchRead(Ljava/lang/Object;J)V name or signature does not match> (0x00000000d5e07f98) thrown at [C:\re\workspace\8-2-build-windows-amd64-cygwin\jdk8u181\11358\hotspot\src\share\vm\prim
Event: 0.134 Thread 0x00000000009fe000 Exception <a 'java/security/PrivilegedActionException'> (0x00000000d5e8b048) thrown at [C:\re\workspace\8-2-build-windows-amd64-cygwin\jdk8u181\11358\hotspot\src\share\vm\prims\jvm.cpp, line 1435]
Event: 0.134 Thread 0x00000000009fe000 Exception <a 'java/security/PrivilegedActionException'> (0x00000000d5e8b258) thrown at [C:\re\workspace\8-2-build-windows-amd64-cygwin\jdk8u181\11358\hotspot\src\share\vm\prims\jvm.cpp, line 1435]
Event: 0.136 Thread 0x00000000009fe000 Exception <a 'java/security/PrivilegedActionException'> (0x00000000d5e8f168) thrown at [C:\re\workspace\8-2-build-windows-amd64-cygwin\jdk8u181\11358\hotspot\src\share\vm\prims\jvm.cpp, line 1435]
Event: 0.136 Thread 0x00000000009fe000 Exception <a 'java/security/PrivilegedActionException'> (0x00000000d5e8f378) thrown at [C:\re\workspace\8-2-build-windows-amd64-cygwin\jdk8u181\11358\hotspot\src\share\vm\prims\jvm.cpp, line 1435]
Event: 0.146 Thread 0x00000000009fe000 Exception <a 'java/io/FileNotFoundException'> (0x00000000d5e915a8) thrown at [C:\re\workspace\8-2-build-windows-amd64-cygwin\jdk8u181\11358\hotspot\src\share\vm\prims\jni.cpp, line 709]
Event: 0.195 Thread 0x00000000009fe000 Exception <a 'java/lang/NoSuchFieldError': method resolution failed> (0x00000000d6009128) thrown at [C:\re\workspace\8-2-build-windows-amd64-cygwin\jdk8u181\11358\hotspot\src\share\vm\prims\methodHandles.cpp, line 1167]

Events (10 events):
Event: 0.179 loading class java/lang/invoke/WrongMethodTypeException
Event: 0.179 loading class java/lang/invoke/WrongMethodTypeException done
Event: 0.182 loading class java/lang/invoke/MethodHandleImpl$Lazy
Event: 0.182 loading class java/lang/invoke/MethodHandleImpl$Lazy done
Event: 0.183 loading class java/lang/invoke/MethodHandleImpl$IntrinsicMethodHandle
Event: 0.183 loading class java/lang/invoke/MethodHandleImpl$IntrinsicMethodHandle done
Event: 0.195 loading class java/lang/NoSuchFieldError
Event: 0.195 loading class java/lang/NoSuchFieldError done
Event: 0.195 loading class java/lang/IllegalAccessException
Event: 0.195 loading class java/lang/IllegalAccessException done


Dynamic libraries:
0x00007ff71db60000 - 0x00007ff71db97000 	C:\Program Files\Java\jdk1.8.0_181\bin\java.exe
0x00007ff976a40000 - 0x00007ff976c21000 	C:\WINDOWS\SYSTEM32\ntdll.dll
0x00007ff974a00000 - 0x00007ff974ab1000 	C:\WINDOWS\System32\KERNEL32.DLL
0x00007ff973800000 - 0x00007ff973a73000 	C:\WINDOWS\System32\KERNELBASE.dll
0x00007ff9768d0000 - 0x00007ff976971000 	C:\WINDOWS\System32\ADVAPI32.dll
0x00007ff973ed0000 - 0x00007ff973f6e000 	C:\WINDOWS\System32\msvcrt.dll
0x00007ff974ac0000 - 0x00007ff974b1b000 	C:\WINDOWS\System32\sechost.dll
0x00007ff976300000 - 0x00007ff976424000 	C:\WINDOWS\System32\RPCRT4.dll
0x00007ff974d30000 - 0x00007ff974ec0000 	C:\WINDOWS\System32\USER32.dll
0x00007ff972e10000 - 0x00007ff972e30000 	C:\WINDOWS\System32\win32u.dll
0x00007ff974470000 - 0x00007ff974498000 	C:\WINDOWS\System32\GDI32.dll
0x00007ff973cd0000 - 0x00007ff973e62000 	C:\WINDOWS\System32\gdi32full.dll
0x00007ff973c30000 - 0x00007ff973ccf000 	C:\WINDOWS\System32\msvcp_win.dll
0x00007ff973a80000 - 0x00007ff973b78000 	C:\WINDOWS\System32\ucrtbase.dll
0x00007ff94f100000 - 0x00007ff94f369000 	C:\WINDOWS\WinSxS\amd64_microsoft.windows.common-controls_6595b64144ccf1df_6.0.17134.706_none_fb43a2cb30647007\COMCTL32.dll
0x00007ff9746d0000 - 0x00007ff9749f2000 	C:\WINDOWS\System32\combase.dll
0x00007ff973730000 - 0x00007ff9737aa000 	C:\WINDOWS\System32\bcryptPrimitives.dll
0x00007ff976460000 - 0x00007ff97648d000 	C:\WINDOWS\System32\IMM32.DLL
0x0000000050c10000 - 0x0000000050ce2000 	C:\Program Files\Java\jdk1.8.0_181\jre\bin\msvcr100.dll
0x0000000050cf0000 - 0x0000000051592000 	C:\Program Files\Java\jdk1.8.0_181\jre\bin\server\jvm.dll
0x00007ff976430000 - 0x00007ff976438000 	C:\WINDOWS\System32\PSAPI.DLL
0x00007ff971990000 - 0x00007ff971999000 	C:\WINDOWS\SYSTEM32\WSOCK32.dll
0x00007ff976670000 - 0x00007ff9766dc000 	C:\WINDOWS\System32\WS2_32.dll
0x00007ff970ba0000 - 0x00007ff970bc3000 	C:\WINDOWS\SYSTEM32\WINMM.dll
0x00007ff9666b0000 - 0x00007ff9666ba000 	C:\WINDOWS\SYSTEM32\VERSION.dll
0x00007ff9709e0000 - 0x00007ff970a0a000 	C:\WINDOWS\SYSTEM32\WINMMBASE.dll
0x00007ff9737b0000 - 0x00007ff9737f9000 	C:\WINDOWS\System32\cfgmgr32.dll
0x0000000051a60000 - 0x0000000051a6f000 	C:\Program Files\Java\jdk1.8.0_181\jre\bin\verify.dll
0x0000000051a30000 - 0x0000000051a59000 	C:\Program Files\Java\jdk1.8.0_181\jre\bin\java.dll
0x0000000051a10000 - 0x0000000051a26000 	C:\Program Files\Java\jdk1.8.0_181\jre\bin\zip.dll
0x00007ff974ec0000 - 0x00007ff976300000 	C:\WINDOWS\System32\SHELL32.dll
0x00007ff9743c0000 - 0x00007ff974469000 	C:\WINDOWS\System32\shcore.dll
0x00007ff972e30000 - 0x00007ff97353d000 	C:\WINDOWS\System32\windows.storage.dll
0x00007ff976870000 - 0x00007ff9768c1000 	C:\WINDOWS\System32\shlwapi.dll
0x00007ff972db0000 - 0x00007ff972dc1000 	C:\WINDOWS\System32\kernel.appcore.dll
0x00007ff972df0000 - 0x00007ff972e0f000 	C:\WINDOWS\System32\profapi.dll
0x00007ff972d50000 - 0x00007ff972d9c000 	C:\WINDOWS\System32\powrprof.dll
0x00007ff972da0000 - 0x00007ff972daa000 	C:\WINDOWS\System32\FLTLIB.DLL
0x0000000050a70000 - 0x0000000050c09000 	C:\Program Files\Java\jdk1.8.0_181\jre\bin\awt.dll
0x00007ff974600000 - 0x00007ff9746c2000 	C:\WINDOWS\System32\OLEAUT32.dll
0x00007ff970b00000 - 0x00007ff970b8b000 	C:\WINDOWS\SYSTEM32\apphelp.dll

VM Arguments:
jvm_args: -Dfile.encoding=UTF-8 
java_command: mainproject.OnlineMultiMedia
java_class_path (initial): C:\Users\User\Desktop\CIU\Spring Semster 2019\System Programming\MainProject\build\classes
Launcher Type: SUN_STANDARD

Environment Variables:
PATH=C:\app\User\product\11.2.0\dbhome_1\bin;C:\app\User\virtual\product\12.2.0\dbhome_1\bin;C:\ProgramData\Oracle\Java\javapath;C:\Program Files (x86)\Common Files\Oracle\Java\javapath;C:\WINDOWS\system32;C:\WINDOWS;C:\WINDOWS\System32\Wbem;C:\WINDOWS\System32\WindowsPowerShell\v1.0\;C:\Program Files (x86)\Common Files\lenovo\easyplussdk\bin;C:\Program Files\Intel\WiFi\bin\;C:\Program Files\Common Files\Intel\WirelessCommon\;C:\WINDOWS\System32\OpenSSH\;C:\Program Files\Java\jdk-10.0.2;C:\Users\User\Music\Tesseract-OCR;C:\Program Files\Git\cmd;D:\tesseract-OCR;C:\Program Files\PuTTY\;C:\Program Files\MySQL\MySQL Utilities 1.6\;C:\Program Files\MySQL\MySQL Shell 8.0\bin\;C:\Users\User\AppData\Local\GitHubDesktop\bin;C:\Users\User\Desktop\AI\New folder\Microsoft VS Code\bin
USERNAME=User
OS=Windows_NT
PROCESSOR_IDENTIFIER=Intel64 Family 6 Model 78 Stepping 3, GenuineIntel



---------------  S Y S T E M  ---------------

OS: Windows 10.0 , 64 bit Build 17134 (10.0.17134.706)

CPU:total 4 (initial active 4) (2 cores per cpu, 2 threads per core) family 6 model 78 stepping 3, cmov, cx8, fxsr, mmx, sse, sse2, sse3, ssse3, sse4.1, sse4.2, popcnt, avx, avx2, aes, clmul, erms, 3dnowpref, lzcnt, ht, tsc, tscinvbit, bmi1, bmi2, adx

Memory: 4k page, physical 8280504k(919696k free), swap 20703412k(2072k free)

vm_info: Java HotSpot(TM) 64-Bit Server VM (25.181-b13) for windows-amd64 JRE (1.8.0_181-b13), built on Jul  7 2018 04:01:33 by "java_re" with MS VC++ 10.0 (VS2010)

time: Tue May 21 00:06:32 2019
elapsed time: 0 seconds (0d 0h 0m 0s)

