#
# There is insufficient memory for the Java Runtime Environment to continue.
# Native memory allocation (malloc) failed to allocate 32744 bytes for ChunkPool::allocate
# Possible reasons:
#   The system is out of physical RAM or swap space
#   In 32 bit mode, the process size limit was hit
# Possible solutions:
#   Reduce memory load on the system
#   Increase physical memory or swap space
#   Check if swap backing store is full
#   Use 64 bit Java on a 64 bit OS
#   Decrease Java heap size (-Xmx/-Xms)
#   Decrease number of Java threads
#   Decrease Java thread stack sizes (-Xss)
#   Set larger code cache with -XX:ReservedCodeCacheSize=
# This output file may be truncated or incomplete.
#
#  Out of Memory Error (allocation.cpp:273), pid=8708, tid=0x0000000000006dfc
#
# JRE version: Java(TM) SE Runtime Environment (8.0_181-b13) (build 1.8.0_181-b13)
# Java VM: Java HotSpot(TM) 64-Bit Server VM (25.181-b13 mixed mode windows-amd64 compressed oops)
# Failed to write core dump. Minidumps are not enabled by default on client versions of Windows
#

---------------  T H R E A D  ---------------

Current thread (0x0000000017393800):  JavaThread "C1 CompilerThread2" daemon [_thread_in_native, id=28156, stack(0x0000000018bd0000,0x0000000018cd0000)]

Stack: [0x0000000018bd0000,0x0000000018cd0000]
[error occurred during error reporting (printing stack bounds), id 0xc0000005]

Native frames: (J=compiled Java code, j=interpreted, Vv=VM code, C=native code)


Current CompileTask:
C1:   4820  806   !   3       java.awt.DefaultKeyboardFocusManager::dispatchEvent (1640 bytes)


---------------  P R O C E S S  ---------------

Java Threads: ( => current thread )
  0x00000000194f5000 JavaThread "TimerQueue" daemon [_thread_blocked, id=36500, stack(0x000000001abc0000,0x000000001acc0000)]
  0x000000000259e000 JavaThread "DestroyJavaVM" [_thread_blocked, id=26672, stack(0x0000000002640000,0x0000000002740000)]
  0x00000000190a9000 JavaThread "AWT-EventQueue-0" [_thread_blocked, id=38860, stack(0x0000000019ff0000,0x000000001a0f0000)]
  0x000000001908e800 JavaThread "AWT-Windows" daemon [_thread_in_native, id=35920, stack(0x0000000019e10000,0x0000000019f10000)]
  0x0000000019453800 JavaThread "AWT-Shutdown" [_thread_blocked, id=27832, stack(0x0000000019d10000,0x0000000019e10000)]
  0x0000000019453000 JavaThread "Java2D Disposer" daemon [_thread_blocked, id=31012, stack(0x0000000019c10000,0x0000000019d10000)]
  0x00000000173dd800 JavaThread "Service Thread" daemon [_thread_blocked, id=38660, stack(0x00000000190d0000,0x00000000191d0000)]
=>0x0000000017393800 JavaThread "C1 CompilerThread2" daemon [_thread_in_native, id=28156, stack(0x0000000018bd0000,0x0000000018cd0000)]
  0x0000000017383800 JavaThread "C2 CompilerThread1" daemon [_thread_blocked, id=38864, stack(0x0000000018ad0000,0x0000000018bd0000)]
  0x0000000017380800 JavaThread "C2 CompilerThread0" daemon [_thread_blocked, id=32104, stack(0x00000000189d0000,0x0000000018ad0000)]
  0x000000001737f000 JavaThread "Attach Listener" daemon [_thread_blocked, id=36192, stack(0x00000000188d0000,0x00000000189d0000)]
  0x000000001737c000 JavaThread "Signal Dispatcher" daemon [_thread_blocked, id=29516, stack(0x00000000187d0000,0x00000000188d0000)]
  0x0000000017369800 JavaThread "Finalizer" daemon [_thread_blocked, id=32728, stack(0x00000000185e0000,0x00000000186e0000)]
  0x0000000002832000 JavaThread "Reference Handler" daemon [_thread_blocked, id=22588, stack(0x00000000184e0000,0x00000000185e0000)]

Other Threads:
  0x0000000017347800 VMThread [stack: 0x00000000183e0000,0x00000000184e0000] [id=32140]
  0x00000000173de800 WatcherThread [stack: 0x00000000191d0000,0x00000000192d0000] [id=39816]

VM state:not at safepoint (normal execution)

VM Mutex/Monitor currently owned by a thread: None

Heap:
 PSYoungGen      total 38400K, used 14018K [0x00000000d5e00000, 0x00000000d8880000, 0x0000000100000000)
  eden space 33280K, 42% used [0x00000000d5e00000,0x00000000d6bb09e0,0x00000000d7e80000)
  from space 5120K, 0% used [0x00000000d8380000,0x00000000d8380000,0x00000000d8880000)
  to   space 5120K, 0% used [0x00000000d7e80000,0x00000000d7e80000,0x00000000d8380000)
 ParOldGen       total 87552K, used 0K [0x0000000081a00000, 0x0000000086f80000, 0x00000000d5e00000)
  object space 87552K, 0% used [0x0000000081a00000,0x0000000081a00000,0x0000000086f80000)
 Metaspace       used 10668K, capacity 10864K, committed 11136K, reserved 1058816K
  class space    used 1307K, capacity 1384K, committed 1408K, reserved 1048576K

Card table byte_map: [0x0000000011c00000,0x0000000012000000] byte_map_base: 0x00000000117f3000

Marking Bits: (ParMarkBitMap*) 0x0000000051512d00
 Begin Bits: [0x00000000126b0000, 0x0000000014648000)
 End Bits:   [0x0000000014648000, 0x00000000165e0000)

Polling page: 0x0000000000700000

CodeCache: size=245760Kb used=2856Kb max_used=2856Kb free=242903Kb
 bounds [0x0000000002840000, 0x0000000002b10000, 0x0000000011840000]
 total_blobs=1269 nmethods=805 adapters=377
 compilation: enabled

Compilation events (10 events):
Event: 4.754 Thread 0x0000000017393800 nmethod 801 0x0000000002b08e50 code [0x0000000002b08fa0, 0x0000000002b09110]
Event: 4.765 Thread 0x0000000017393800  802       3       java.awt.EventQueue::cacheEQItem (60 bytes)
Event: 4.767 Thread 0x0000000017393800 nmethod 802 0x0000000002b09190 code [0x0000000002b09320, 0x0000000002b09a88]
Event: 4.767 Thread 0x0000000017393800  803   !   3       sun.awt.AWTAutoShutdown::notifyThreadBusy (88 bytes)
Event: 4.768 Thread 0x0000000017393800 nmethod 803 0x0000000002b09c90 code [0x0000000002b09e40, 0x0000000002b0a5d8]
Event: 4.768 Thread 0x0000000017393800  804       3       java.awt.EventQueue::setCurrentEventAndMostRecentTime (8 bytes)
Event: 4.769 Thread 0x0000000017393800 nmethod 804 0x0000000002b0a950 code [0x0000000002b0ab20, 0x0000000002b0b158]
Event: 4.782 Thread 0x0000000017393800  805       3       sun.awt.SunToolkit::isTouchKeyboardAutoShowEnabled (4 bytes)
Event: 4.782 Thread 0x0000000017393800 nmethod 805 0x0000000002b0b490 code [0x0000000002b0b5e0, 0x0000000002b0b730]
Event: 4.793 Thread 0x0000000017393800  806   !   3       java.awt.DefaultKeyboardFocusManager::dispatchEvent (1640 bytes)

GC Heap History (0 events):
No events

Deoptimization events (2 events):
Event: 0.321 Thread 0x00000000190a9000 Uncommon trap: reason=null_check action=make_not_entrant pc=0x00000000029aae54 method=java.lang.String.equals(Ljava/lang/Object;)Z @ 8
Event: 0.588 Thread 0x00000000190a9000 Uncommon trap: reason=predicate action=maybe_recompile pc=0x0000000002a35380 method=java.util.ArrayList.indexOf(Ljava/lang/Object;)I @ 44

Classes redefined (0 events):
No events

Internal exceptions (10 events):
Event: 0.168 Thread 0x000000000259e000 Exception <a 'java/security/PrivilegedActionException'> (0x00000000d5e8f168) thrown at [C:\re\workspace\8-2-build-windows-amd64-cygwin\jdk8u181\11358\hotspot\src\share\vm\prims\jvm.cpp, line 1435]
Event: 0.168 Thread 0x000000000259e000 Exception <a 'java/security/PrivilegedActionException'> (0x00000000d5e8f378) thrown at [C:\re\workspace\8-2-build-windows-amd64-cygwin\jdk8u181\11358\hotspot\src\share\vm\prims\jvm.cpp, line 1435]
Event: 0.176 Thread 0x000000000259e000 Exception <a 'java/io/FileNotFoundException'> (0x00000000d5e915a8) thrown at [C:\re\workspace\8-2-build-windows-amd64-cygwin\jdk8u181\11358\hotspot\src\share\vm\prims\jni.cpp, line 709]
Event: 0.214 Thread 0x000000000259e000 Exception <a 'java/lang/NoSuchFieldError': method resolution failed> (0x00000000d6009128) thrown at [C:\re\workspace\8-2-build-windows-amd64-cygwin\jdk8u181\11358\hotspot\src\share\vm\prims\methodHandles.cpp, line 1167]
Event: 0.216 Thread 0x000000000259e000 Exception <a 'java/lang/NoSuchFieldError': method resolution failed> (0x00000000d60164f8) thrown at [C:\re\workspace\8-2-build-windows-amd64-cygwin\jdk8u181\11358\hotspot\src\share\vm\prims\methodHandles.cpp, line 1167]
Event: 0.300 Thread 0x00000000190a9000 Exception <a 'java/io/FileNotFoundException'> (0x00000000d61f3b40) thrown at [C:\re\workspace\8-2-build-windows-amd64-cygwin\jdk8u181\11358\hotspot\src\share\vm\prims\jni.cpp, line 709]
Event: 0.302 Thread 0x000000000259e000 Exception <a 'java/net/BindException': Address already in use: JVM_Bind> (0x00000000d60b5318) thrown at [C:\re\workspace\8-2-build-windows-amd64-cygwin\jdk8u181\11358\hotspot\src\share\vm\prims\jni.cpp, line 735]
Event: 0.321 Thread 0x00000000190a9000 Implicit null exception at 0x00000000029aac9b to 0x00000000029aae45
Event: 0.442 Thread 0x00000000190a9000 Exception <a 'java/io/FileNotFoundException'> (0x00000000d6430818) thrown at [C:\re\workspace\8-2-build-windows-amd64-cygwin\jdk8u181\11358\hotspot\src\share\vm\prims\jni.cpp, line 709]
Event: 0.530 Thread 0x00000000190a9000 Exception <a 'java/io/FileNotFoundException'> (0x00000000d6620820) thrown at [C:\re\workspace\8-2-build-windows-amd64-cygwin\jdk8u181\11358\hotspot\src\share\vm\prims\jni.cpp, line 709]

Events (10 events):
Event: 1.955 loading class java/awt/Toolkit$ToolkitEventMulticaster
Event: 1.955 loading class java/awt/Toolkit$ToolkitEventMulticaster done
Event: 1.955 loading class java/awt/event/MouseWheelEvent
Event: 1.955 loading class java/awt/event/MouseWheelEvent done
Event: 1.956 loading class java/awt/AWTEvent$2
Event: 1.956 loading class java/awt/AWTEvent$2 done
Event: 1.956 loading class sun/reflect/UnsafeBooleanFieldAccessorImpl
Event: 1.956 loading class sun/reflect/UnsafeBooleanFieldAccessorImpl done
Event: 4.166 Executing VM operation: EnableBiasedLocking
Event: 4.167 Executing VM operation: EnableBiasedLocking done


Dynamic libraries:
0x00007ff71db60000 - 0x00007ff71db97000 	C:\Program Files\Java\jdk1.8.0_181\bin\java.exe
0x00007ff976a40000 - 0x00007ff976c21000 	C:\WINDOWS\SYSTEM32\ntdll.dll
0x00007ff974a00000 - 0x00007ff974ab1000 	C:\WINDOWS\System32\KERNEL32.DLL
0x00007ff973800000 - 0x00007ff973a73000 	C:\WINDOWS\System32\KERNELBASE.dll
0x00007ff9768d0000 - 0x00007ff976971000 	C:\WINDOWS\System32\ADVAPI32.dll
0x00007ff973ed0000 - 0x00007ff973f6e000 	C:\WINDOWS\System32\msvcrt.dll
0x00007ff974ac0000 - 0x00007ff974b1b000 	C:\WINDOWS\System32\sechost.dll
0x00007ff976300000 - 0x00007ff976424000 	C:\WINDOWS\System32\RPCRT4.dll
0x00007ff974d30000 - 0x00007ff974ec0000 	C:\WINDOWS\System32\USER32.dll
0x00007ff972e10000 - 0x00007ff972e30000 	C:\WINDOWS\System32\win32u.dll
0x00007ff974470000 - 0x00007ff974498000 	C:\WINDOWS\System32\GDI32.dll
0x00007ff973cd0000 - 0x00007ff973e62000 	C:\WINDOWS\System32\gdi32full.dll
0x00007ff973c30000 - 0x00007ff973ccf000 	C:\WINDOWS\System32\msvcp_win.dll
0x00007ff973a80000 - 0x00007ff973b78000 	C:\WINDOWS\System32\ucrtbase.dll
0x00007ff94f100000 - 0x00007ff94f369000 	C:\WINDOWS\WinSxS\amd64_microsoft.windows.common-controls_6595b64144ccf1df_6.0.17134.706_none_fb43a2cb30647007\COMCTL32.dll
0x00007ff9746d0000 - 0x00007ff9749f2000 	C:\WINDOWS\System32\combase.dll
0x00007ff973730000 - 0x00007ff9737aa000 	C:\WINDOWS\System32\bcryptPrimitives.dll
0x00007ff976460000 - 0x00007ff97648d000 	C:\WINDOWS\System32\IMM32.DLL
0x0000000050c10000 - 0x0000000050ce2000 	C:\Program Files\Java\jdk1.8.0_181\jre\bin\msvcr100.dll
0x0000000050cf0000 - 0x0000000051592000 	C:\Program Files\Java\jdk1.8.0_181\jre\bin\server\jvm.dll
0x00007ff976430000 - 0x00007ff976438000 	C:\WINDOWS\System32\PSAPI.DLL
0x00007ff971990000 - 0x00007ff971999000 	C:\WINDOWS\SYSTEM32\WSOCK32.dll
0x00007ff970ba0000 - 0x00007ff970bc3000 	C:\WINDOWS\SYSTEM32\WINMM.dll
0x00007ff9666b0000 - 0x00007ff9666ba000 	C:\WINDOWS\SYSTEM32\VERSION.dll
0x00007ff976670000 - 0x00007ff9766dc000 	C:\WINDOWS\System32\WS2_32.dll
0x00007ff9709e0000 - 0x00007ff970a0a000 	C:\WINDOWS\SYSTEM32\WINMMBASE.dll
0x00007ff9737b0000 - 0x00007ff9737f9000 	C:\WINDOWS\System32\cfgmgr32.dll
0x0000000051a60000 - 0x0000000051a6f000 	C:\Program Files\Java\jdk1.8.0_181\jre\bin\verify.dll
0x0000000051a30000 - 0x0000000051a59000 	C:\Program Files\Java\jdk1.8.0_181\jre\bin\java.dll
0x0000000051a10000 - 0x0000000051a26000 	C:\Program Files\Java\jdk1.8.0_181\jre\bin\zip.dll
0x00007ff974ec0000 - 0x00007ff976300000 	C:\WINDOWS\System32\SHELL32.dll
0x00007ff9743c0000 - 0x00007ff974469000 	C:\WINDOWS\System32\shcore.dll
0x00007ff972e30000 - 0x00007ff97353d000 	C:\WINDOWS\System32\windows.storage.dll
0x00007ff976870000 - 0x00007ff9768c1000 	C:\WINDOWS\System32\shlwapi.dll
0x00007ff972db0000 - 0x00007ff972dc1000 	C:\WINDOWS\System32\kernel.appcore.dll
0x00007ff972df0000 - 0x00007ff972e0f000 	C:\WINDOWS\System32\profapi.dll
0x00007ff972d50000 - 0x00007ff972d9c000 	C:\WINDOWS\System32\powrprof.dll
0x00007ff972da0000 - 0x00007ff972daa000 	C:\WINDOWS\System32\FLTLIB.DLL
0x0000000050a70000 - 0x0000000050c09000 	C:\Program Files\Java\jdk1.8.0_181\jre\bin\awt.dll
0x00007ff974600000 - 0x00007ff9746c2000 	C:\WINDOWS\System32\OLEAUT32.dll
0x00007ff970b00000 - 0x00007ff970b8b000 	C:\WINDOWS\SYSTEM32\apphelp.dll
0x00007ff971020000 - 0x00007ff9710b8000 	C:\WINDOWS\system32\uxtheme.dll
0x00007ff976490000 - 0x00007ff976603000 	C:\WINDOWS\System32\MSCTF.dll
0x0000000180000000 - 0x0000000180015000 	C:\Program Files (x86)\Ad Muncher\AM64-34121.dll
0x00007ff971100000 - 0x00007ff971129000 	C:\WINDOWS\system32\dwmapi.dll
0x00007ff9744a0000 - 0x00007ff9745f1000 	C:\WINDOWS\System32\ole32.dll
0x0000000051970000 - 0x000000005198a000 	C:\Program Files\Java\jdk1.8.0_181\jre\bin\net.dll
0x00007ff972570000 - 0x00007ff9725d6000 	C:\WINDOWS\system32\mswsock.dll
0x00007ff9421b0000 - 0x00007ff9422d0000 	C:\WINDOWS\system32\opengl32.dll
0x00007ff9425a0000 - 0x00007ff9425cc000 	C:\WINDOWS\SYSTEM32\GLU32.dll
0x0000000051900000 - 0x0000000051947000 	C:\Program Files\Java\jdk1.8.0_181\jre\bin\fontmanager.dll
0x0000000051950000 - 0x0000000051961000 	C:\Program Files\Java\jdk1.8.0_181\jre\bin\nio.dll
0x0000000051660000 - 0x00000000516a2000 	C:\Program Files\Java\jdk1.8.0_181\jre\bin\t2k.dll
0x00007ff9767d0000 - 0x00007ff976870000 	C:\WINDOWS\System32\clbcatq.dll
0x00007ff96e210000 - 0x00007ff96e3be000 	C:\WINDOWS\SYSTEM32\WindowsCodecs.dll
0x00007ff941270000 - 0x00007ff9412c8000 	C:\WINDOWS\system32\dataexchange.dll
0x00007ff96fec0000 - 0x00007ff97005c000 	C:\WINDOWS\system32\dcomp.dll
0x00007ff96f5e0000 - 0x00007ff96f8eb000 	C:\WINDOWS\system32\d3d11.dll
0x00007ff971af0000 - 0x00007ff971bab000 	C:\WINDOWS\system32\dxgi.dll
0x00007ff971290000 - 0x00007ff971448000 	C:\WINDOWS\system32\twinapi.appcore.dll
0x00007ff9711e0000 - 0x00007ff971209000 	C:\WINDOWS\system32\RMCLIENT.dll
0x00007ff964540000 - 0x00007ff9645d6000 	C:\WINDOWS\System32\TextInputFramework.dll
0x00007ff970640000 - 0x00007ff97071a000 	C:\WINDOWS\System32\CoreMessaging.dll
0x00007ff96dcf0000 - 0x00007ff96e00e000 	C:\WINDOWS\System32\CoreUIComponents.dll
0x00007ff971e20000 - 0x00007ff971e51000 	C:\WINDOWS\SYSTEM32\ntmarta.dll
0x00007ff968f40000 - 0x00007ff96908d000 	C:\WINDOWS\SYSTEM32\wintypes.dll
0x00007ff9601a0000 - 0x00007ff96020b000 	C:\WINDOWS\system32\Oleacc.dll

VM Arguments:
jvm_args: -Dfile.encoding=UTF-8 
java_command: mainproject.OnlineMultiMedia
java_class_path (initial): C:\Users\User\Desktop\CIU\Spring Semster 2019\System Programming\MainProject\build\classes
Launcher Type: SUN_STANDARD

Environment Variables:
PATH=C:\app\User\product\11.2.0\dbhome_1\bin;C:\app\User\virtual\product\12.2.0\dbhome_1\bin;C:\ProgramData\Oracle\Java\javapath;C:\Program Files (x86)\Common Files\Oracle\Java\javapath;C:\WINDOWS\system32;C:\WINDOWS;C:\WINDOWS\System32\Wbem;C:\WINDOWS\System32\WindowsPowerShell\v1.0\;C:\Program Files (x86)\Common Files\lenovo\easyplussdk\bin;C:\Program Files\Intel\WiFi\bin\;C:\Program Files\Common Files\Intel\WirelessCommon\;C:\WINDOWS\System32\OpenSSH\;C:\Program Files\Java\jdk-10.0.2;C:\Users\User\Music\Tesseract-OCR;C:\Program Files\Git\cmd;D:\tesseract-OCR;C:\Program Files\PuTTY\;C:\Program Files\MySQL\MySQL Utilities 1.6\;C:\Program Files\MySQL\MySQL Shell 8.0\bin\;C:\Users\User\AppData\Local\GitHubDesktop\bin;C:\Users\User\Desktop\AI\New folder\Microsoft VS Code\bin
USERNAME=User
OS=Windows_NT
PROCESSOR_IDENTIFIER=Intel64 Family 6 Model 78 Stepping 3, GenuineIntel



---------------  S Y S T E M  ---------------

OS: Windows 10.0 , 64 bit Build 17134 (10.0.17134.706)

CPU:total 4 (initial active 4) (2 cores per cpu, 2 threads per core) family 6 model 78 stepping 3, cmov, cx8, fxsr, mmx, sse, sse2, sse3, ssse3, sse4.1, sse4.2, popcnt, avx, avx2, aes, clmul, erms, 3dnowpref, lzcnt, ht, tsc, tscinvbit, bmi1, bmi2, adx

Memory: 4k page, physical 8280504k(842496k free), swap 20703412k(3784k free)

vm_info: Java HotSpot(TM) 64-Bit Server VM (25.181-b13) for windows-amd64 JRE (1.8.0_181-b13), built on Jul  7 2018 04:01:33 by "java_re" with MS VC++ 10.0 (VS2010)

time: Tue May 21 00:07:34 2019
elapsed time: 4 seconds (0d 0h 0m 4s)

